<?xml version="1.0" encoding="UTF-8"?>
<robot generator="Robot 7.2.2 (Python 3.13.2 on win32)" generated="2026-03-26T16:10:49.267276" rpa="false" schemaversion="5">
<suite id="s1" name="TC 001" source="C:\Users\Chutikarn.a\Documents\GitHub\automate_camp_mar_2026\testcases\TC_001.robot">
<test id="s1-t1" name="TC001 - Register" line="6">
<kw name="Generate random email" owner="common">
<kw name="Generate Random String" owner="String">
<msg time="2026-03-26T16:10:49.522617" level="INFO">${random_email} = BmtYFESc</msg>
<var>${random_email}</var>
<doc>Generates a string with a desired ``length`` from the given ``chars``.</doc>
<status status="PASS" start="2026-03-26T16:10:49.522330" elapsed="0.000321"/>
</kw>
<return>
<value>${random_email}@gamil.com</value>
<status status="PASS" start="2026-03-26T16:10:49.522731" elapsed="0.000152"/>
</return>
<msg time="2026-03-26T16:10:49.523024" level="INFO">${email} = BmtYFESc@gamil.com</msg>
<var>${email}</var>
<status status="PASS" start="2026-03-26T16:10:49.521818" elapsed="0.001230"/>
</kw>
<kw name="Open Web" owner="common">
<kw name="New Browser" owner="Browser">
<msg time="2026-03-26T16:10:49.524568" level="INFO">{"browser": "chromium", "headless": false, "chromiumSandbox": false, "devtools": false, "handleSIGHUP": true, "handleSIGINT": true, "handleSIGTERM": true, "slowMo": 0.0, "timeout": 30000.0, "tracesDir": "C:\\Users\\Chutikarn.a\\Documents\\GitHub\\automate_camp_mar_2026\\testcases\\browser\\traces\\temp\\2436b300-7258-432d-9de0-5c8822656654"}</msg>
<msg time="2026-03-26T16:10:49.563286" level="INFO">Starting Browser process C:\Users\Chutikarn.a\AppData\Local\Programs\Python\Python313\Lib\site-packages\Browser\wrapper\index.js using at 127.0.0.1:51786</msg>
<msg time="2026-03-26T16:10:51.317096" level="INFO">Successfully created browser with options: {"browser":"chromium","headless":false,"chromiumSandbox":false,"devtools":false,"handleSIGHUP":true,"handleSIGINT":true,"handleSIGTERM":true,"slowMo":0,"timeout":30000,"tracesDir":"C:\\Users\\Chutikarn.a\\Documents\\GitHub\\automate_camp_mar_2026\\testcases\\browser\\traces\\temp\\2436b300-7258-432d-9de0-5c8822656654"}</msg>
<arg>Chromium</arg>
<arg>${FALSE}</arg>
<tag>BrowserControl</tag>
<tag>Setter</tag>
<doc>Create a new playwright Browser with specified options.</doc>
<status status="PASS" start="2026-03-26T16:10:49.523923" elapsed="1.793379"/>
</kw>
<kw name="New Page" owner="Browser">
<msg time="2026-03-26T16:10:51.654969" level="INFO">Successfully initialized new page object and opened url: http://192.8.8.124:8080</msg>
<msg time="2026-03-26T16:10:51.655088" level="INFO">No context was open. New context was automatically opened when this page is created.</msg>
<arg>${URL}</arg>
<tag>BrowserControl</tag>
<tag>Setter</tag>
<doc>Open a new Page.</doc>
<status status="PASS" start="2026-03-26T16:10:51.317578" elapsed="0.337685"/>
</kw>
<status status="PASS" start="2026-03-26T16:10:49.523466" elapsed="2.131939"/>
</kw>
<kw name="Click profile icon" owner="nav_bar_page">
<kw name="Click" owner="Browser">
<msg time="2026-03-26T16:10:51.657460" level="INFO">Clicks the element 'css=#btn-account'.</msg>
<arg>selector=${nav_bar_locator.btn_account}</arg>
<tag>PageContent</tag>
<tag>Setter</tag>
<doc>Simulates mouse click on the element found by ``selector``.</doc>
<status status="PASS" start="2026-03-26T16:10:51.656753" elapsed="0.222311"/>
</kw>
<status status="PASS" start="2026-03-26T16:10:51.655911" elapsed="0.223271"/>
</kw>
<kw name="Click sign in" owner="nav_bar_page">
<kw name="Click" owner="Browser">
<msg time="2026-03-26T16:10:51.880575" level="INFO">Clicks the element 'css=[href="/signin"]'.</msg>
<arg>selector=${nav_bar_locator.btn_signin}</arg>
<tag>PageContent</tag>
<tag>Setter</tag>
<doc>Simulates mouse click on the element found by ``selector``.</doc>
<status status="PASS" start="2026-03-26T16:10:51.880076" elapsed="0.091066"/>
</kw>
<status status="PASS" start="2026-03-26T16:10:51.879534" elapsed="0.091740"/>
</kw>
<kw name="Click create account button" owner="sign_in_page">
<kw name="Click" owner="Browser">
<msg time="2026-03-26T16:10:51.972959" level="INFO">Clicks the element 'css=a:text-is("Create account")'.</msg>
<arg>selector=${sign_in_locator.btn_create_account}</arg>
<tag>PageContent</tag>
<tag>Setter</tag>
<doc>Simulates mouse click on the element found by ``selector``.</doc>
<status status="PASS" start="2026-03-26T16:10:51.972304" elapsed="0.085404"/>
</kw>
<status status="PASS" start="2026-03-26T16:10:51.971646" elapsed="0.086294"/>
</kw>
<kw name="Input all fill create account" owner="create_account_feature">
<kw name="Input full name" owner="create_account_page">
<kw name="Fill Text" owner="Browser">
<msg time="2026-03-26T16:10:52.061129" level="INFO">Fills the text 'chutikarn Aomsomsuey' in the given field.</msg>
<arg>${create_account_locator.txt_fullname}</arg>
<arg>${fullname}</arg>
<tag>PageContent</tag>
<tag>Setter</tag>
<doc>Clears and fills the given ``txt`` into the text field found by ``selector``.</doc>
<status status="PASS" start="2026-03-26T16:10:52.060524" elapsed="0.023478"/>
</kw>
<arg>fullname=${fullname}</arg>
<status status="PASS" start="2026-03-26T16:10:52.060006" elapsed="0.024210"/>
</kw>
<kw name="Input mobile phone" owner="create_account_page">
<kw name="Fill Text" owner="Browser">
<msg time="2026-03-26T16:10:52.087126" level="INFO">Fills the text '0812345678' in the given field.</msg>
<arg>${create_account_locator.txt_mobile}</arg>
<arg>${mobile}</arg>
<tag>PageContent</tag>
<tag>Setter</tag>
<doc>Clears and fills the given ``txt`` into the text field found by ``selector``.</doc>
<status status="PASS" start="2026-03-26T16:10:52.085809" elapsed="0.021567"/>
</kw>
<arg>mobile=${mobile}</arg>
<status status="PASS" start="2026-03-26T16:10:52.084549" elapsed="0.023050"/>
</kw>
<kw name="Input email" owner="create_account_page">
<kw name="Fill Text" owner="Browser">
<msg time="2026-03-26T16:10:52.109360" level="INFO">Fills the text 'BmtYFESc@gamil.com' in the given field.</msg>
<arg>${create_account_locator.txt_email}</arg>
<arg>${email}</arg>
<tag>PageContent</tag>
<tag>Setter</tag>
<doc>Clears and fills the given ``txt`` into the text field found by ``selector``.</doc>
<status status="PASS" start="2026-03-26T16:10:52.108624" elapsed="0.016563"/>
</kw>
<arg>email=${email}</arg>
<status status="PASS" start="2026-03-26T16:10:52.107838" elapsed="0.017514"/>
</kw>
<kw name="Input password" owner="create_account_page">
<kw name="Fill Text" owner="Browser">
<msg time="2026-03-26T16:10:52.127008" level="INFO">Fills the text 'Noey1234' in the given field.</msg>
<arg>${create_account_locator.txt_password}</arg>
<arg>${password}</arg>
<tag>PageContent</tag>
<tag>Setter</tag>
<doc>Clears and fills the given ``txt`` into the text field found by ``selector``.</doc>
<status status="PASS" start="2026-03-26T16:10:52.126345" elapsed="0.014815"/>
</kw>
<arg>password=${password}</arg>
<status status="PASS" start="2026-03-26T16:10:52.125610" elapsed="0.015740"/>
</kw>
<kw name="Input confirm password" owner="create_account_page">
<kw name="Fill Text" owner="Browser">
<msg time="2026-03-26T16:10:52.143172" level="INFO">Fills the text 'Noey1234' in the given field.</msg>
<arg>selector=${create_account_locator.txt_confirm_password}</arg>
<arg>txt=${confirmpassword}</arg>
<tag>PageContent</tag>
<tag>Setter</tag>
<doc>Clears and fills the given ``txt`` into the text field found by ``selector``.</doc>
<status status="PASS" start="2026-03-26T16:10:52.142358" elapsed="0.010704"/>
</kw>
<arg>confirmpassword=${confirmpassword}</arg>
<status status="PASS" start="2026-03-26T16:10:52.141606" elapsed="0.011649"/>
</kw>
<arg>fullname=${TC_001.valid_fullname}</arg>
<arg>mobile=${TC_001.valid_mobile}</arg>
<arg>email=${email}</arg>
<arg>password=${TC_001.valid_pwd}</arg>
<arg>confirmpassword=${TC_001.valid_confirmpwd}</arg>
<doc>input fullname,phone number,email,password,confirm password</doc>
<status status="PASS" start="2026-03-26T16:10:52.058467" elapsed="0.094876"/>
</kw>
<kw name="Click create account" owner="create_account_page">
<kw name="Click" owner="Browser">
<msg time="2026-03-26T16:10:52.155102" level="INFO">Clicks the element 'css=#btn-signup'.</msg>
<arg>${create_account_locator.btn_create_account}</arg>
<tag>PageContent</tag>
<tag>Setter</tag>
<doc>Simulates mouse click on the element found by ``selector``.</doc>
<status status="PASS" start="2026-03-26T16:10:52.154592" elapsed="0.041560"/>
</kw>
<status status="PASS" start="2026-03-26T16:10:52.153868" elapsed="0.042445"/>
</kw>
<kw name="Input product name" owner="search_product_page">
<kw name="Fill Text" owner="Browser">
<msg time="2026-03-26T16:10:52.198803" level="INFO">Fills the text 'Ceramic Mug' in the given field.</msg>
<arg>${search_product_locator.txt_productname}</arg>
<arg>${productname}</arg>
<tag>PageContent</tag>
<tag>Setter</tag>
<doc>Clears and fills the given ``txt`` into the text field found by ``selector``.</doc>
<status status="PASS" start="2026-03-26T16:10:52.197487" elapsed="0.028270"/>
</kw>
<arg>productname=${TC_001.product_name}</arg>
<status status="PASS" start="2026-03-26T16:10:52.196733" elapsed="0.029328"/>
</kw>
<kw name="Sleep" owner="BuiltIn">
<msg time="2026-03-26T16:10:53.228918" level="INFO">Slept 1 second.</msg>
<arg>1s</arg>
<doc>Pauses the test executed for the given time.</doc>
<status status="PASS" start="2026-03-26T16:10:52.227214" elapsed="1.001913"/>
</kw>
<kw name="Click search icon" owner="search_product_page">
<kw name="Click" owner="Browser">
<msg time="2026-03-26T16:10:53.231150" level="INFO">Clicks the element 'css=#btn-search'.</msg>
<arg>${search_product_locator.btn_search}</arg>
<tag>PageContent</tag>
<tag>Setter</tag>
<doc>Simulates mouse click on the element found by ``selector``.</doc>
<status status="PASS" start="2026-03-26T16:10:53.230671" elapsed="0.051405"/>
</kw>
<status status="PASS" start="2026-03-26T16:10:53.230224" elapsed="0.052398"/>
</kw>
<kw name="Click view detail product" owner="search_product_page">
<kw name="Click" owner="Browser">
<msg time="2026-03-26T16:10:53.287406" level="INFO">Clicks the element 'css=li:has(a:text-is("Ceramic Mug")) [id*="btn-view"]'.</msg>
<arg>${search_product_locator.btn_view_detail_product}</arg>
<tag>PageContent</tag>
<tag>Setter</tag>
<doc>Simulates mouse click on the element found by ``selector``.</doc>
<status status="PASS" start="2026-03-26T16:10:53.285361" elapsed="0.074557"/>
</kw>
<status status="PASS" start="2026-03-26T16:10:53.283461" elapsed="0.076596"/>
</kw>
<kw name="Adjust product quantity" owner="detail_product_page">
<kw name="Get Text" owner="Browser">
<msg time="2026-03-26T16:10:53.414555" level="INFO">Text: 'Available: 3198'</msg>
<msg time="2026-03-26T16:10:53.414688" level="INFO">${text} = Available: 3198</msg>
<var>${text}</var>
<arg>${detail_product_locator.txt_avaliable}</arg>
<tag>Assertion</tag>
<tag>Getter</tag>
<tag>PageContent</tag>
<doc>Returns text attribute of the element found by ``selector``.</doc>
<status status="PASS" start="2026-03-26T16:10:53.362193" elapsed="0.052517"/>
</kw>
<kw name="Fetch From Right" owner="String">
<msg time="2026-03-26T16:10:53.415477" level="INFO">${string_convert} = 3198</msg>
<var>${string_convert}</var>
<arg>${text}</arg>
<arg>${SPACE}</arg>
<doc>Returns contents of the ``string`` after the last occurrence of ``marker``.</doc>
<status status="PASS" start="2026-03-26T16:10:53.414882" elapsed="0.000628"/>
</kw>
<if>
<branch type="IF" condition="${string_convert} &lt;= 3500">
<for flavor="IN RANGE">
<iter>
<kw name="Click" owner="Browser">
<msg time="2026-03-26T16:10:53.417043" level="INFO">Clicks the element 'css=#btn-qty-inc'.</msg>
<arg>${detail_product_locator.btn_increase_product}</arg>
<tag>PageContent</tag>
<tag>Setter</tag>
<doc>Simulates mouse click on the element found by ``selector``.</doc>
<status status="PASS" start="2026-03-26T16:10:53.416614" elapsed="0.045077"/>
</kw>
<var name="${i}">0</var>
<status status="PASS" start="2026-03-26T16:10:53.416169" elapsed="0.045622"/>
</iter>
<iter>
<kw name="Click" owner="Browser">
<msg time="2026-03-26T16:10:53.462806" level="INFO">Clicks the element 'css=#btn-qty-inc'.</msg>
<arg>${detail_product_locator.btn_increase_product}</arg>
<tag>PageContent</tag>
<tag>Setter</tag>
<doc>Simulates mouse click on the element found by ``selector``.</doc>
<status status="PASS" start="2026-03-26T16:10:53.462320" elapsed="0.058877"/>
</kw>
<var name="${i}">1</var>
<status status="PASS" start="2026-03-26T16:10:53.461937" elapsed="0.059402"/>
</iter>
<iter>
<kw name="Click" owner="Browser">
<msg time="2026-03-26T16:10:53.522743" level="INFO">Clicks the element 'css=#btn-qty-inc'.</msg>
<arg>${detail_product_locator.btn_increase_product}</arg>
<tag>PageContent</tag>
<tag>Setter</tag>
<doc>Simulates mouse click on the element found by ``selector``.</doc>
<status status="PASS" start="2026-03-26T16:10:53.522051" elapsed="0.047702"/>
</kw>
<var name="${i}">2</var>
<status status="PASS" start="2026-03-26T16:10:53.521535" elapsed="0.048352"/>
</iter>
<iter>
<kw name="Click" owner="Browser">
<msg time="2026-03-26T16:10:53.571396" level="INFO">Clicks the element 'css=#btn-qty-inc'.</msg>
<arg>${detail_product_locator.btn_increase_product}</arg>
<tag>PageContent</tag>
<tag>Setter</tag>
<doc>Simulates mouse click on the element found by ``selector``.</doc>
<status status="PASS" start="2026-03-26T16:10:53.570571" elapsed="0.061775"/>
</kw>
<var name="${i}">3</var>
<status status="PASS" start="2026-03-26T16:10:53.570065" elapsed="0.062653"/>
</iter>
<var>${i}</var>
<value>4</value>
<status status="PASS" start="2026-03-26T16:10:53.415929" elapsed="0.217082"/>
</for>
<status status="PASS" start="2026-03-26T16:10:53.415624" elapsed="0.217546"/>
</branch>
<branch type="ELSE IF" condition="${string_convert} &gt; 3501">
<for flavor="IN RANGE">
<iter>
<kw name="Click" owner="Browser">
<arg>${detail_product_locator.btn_increase_product}</arg>
<tag>PageContent</tag>
<tag>Setter</tag>
<doc>Simulates mouse click on the element found by ``selector``.</doc>
<status status="NOT RUN" start="2026-03-26T16:10:53.634324" elapsed="0.000226"/>
</kw>
<var name="${i}"/>
<status status="NOT RUN" start="2026-03-26T16:10:53.633994" elapsed="0.000632"/>
</iter>
<var>${i}</var>
<value>2</value>
<status status="NOT RUN" start="2026-03-26T16:10:53.633711" elapsed="0.000976"/>
</for>
<status status="NOT RUN" start="2026-03-26T16:10:53.633276" elapsed="0.001475"/>
</branch>
<status status="PASS" start="2026-03-26T16:10:53.415594" elapsed="0.219207"/>
</if>
<status status="PASS" start="2026-03-26T16:10:53.361430" elapsed="0.273439"/>
</kw>
<kw name="Verify product name" owner="detail_product_page">
<kw name="Wait For Elements State" owner="Browser">
<msg time="2026-03-26T16:10:53.642962" level="INFO">Waited for Element with selector css=h1:text-is("Ceramic Mug") at state visible</msg>
<arg>${detail_product_locator.txt_name_product}</arg>
<tag>PageContent</tag>
<tag>Wait</tag>
<doc>Waits for the element found by ``selector`` to satisfy state option.</doc>
<status status="PASS" start="2026-03-26T16:10:53.635695" elapsed="0.007433"/>
</kw>
<status status="PASS" start="2026-03-26T16:10:53.635323" elapsed="0.007968"/>
</kw>
<kw name="Verify avaliable amount" owner="detail_product_page">
<kw name="Get Text" owner="Browser">
<msg time="2026-03-26T16:10:53.658229" level="INFO">Text: 'Available: 3198'</msg>
<msg time="2026-03-26T16:10:53.658378" level="INFO">${text} = Available: 3198</msg>
<var>${text}</var>
<arg>${detail_product_locator.txt_avaliable}</arg>
<tag>Assertion</tag>
<tag>Getter</tag>
<tag>PageContent</tag>
<doc>Returns text attribute of the element found by ``selector``.</doc>
<status status="PASS" start="2026-03-26T16:10:53.644295" elapsed="0.014109"/>
</kw>
<kw name="Fetch From Right" owner="String">
<msg time="2026-03-26T16:10:53.659104" level="INFO">${avilable} = 3198</msg>
<var>${avilable}</var>
<arg>${text}</arg>
<arg>${SPACE}</arg>
<doc>Returns contents of the ``string`` after the last occurrence of ``marker``.</doc>
<status status="PASS" start="2026-03-26T16:10:53.658602" elapsed="0.000532"/>
</kw>
<kw name="Convert To Integer" owner="BuiltIn">
<msg time="2026-03-26T16:10:53.659789" level="INFO">${avilable_convert} = 3198</msg>
<var>${avilable_convert}</var>
<arg>${avilable}</arg>
<doc>Converts the given item to an integer number.</doc>
<status status="PASS" start="2026-03-26T16:10:53.659388" elapsed="0.000425"/>
</kw>
<kw name="Should Be True" owner="BuiltIn">
<arg>${avilable_convert} &lt; 3500</arg>
<doc>Fails if the given condition is not true.</doc>
<status status="PASS" start="2026-03-26T16:10:53.659928" elapsed="0.000312"/>
</kw>
<status status="PASS" start="2026-03-26T16:10:53.643715" elapsed="0.016590"/>
</kw>
<kw name="Verify total price" owner="detail_product_page">
<kw name="Get Text" owner="Browser">
<msg time="2026-03-26T16:10:53.679555" level="INFO">Text: 'THB\xa0455.00'</msg>
<msg time="2026-03-26T16:10:53.679711" level="INFO">${price_text} = THB 455.00</msg>
<var>${price_text}</var>
<arg>${detail_product_locator.txt_total_price}</arg>
<tag>Assertion</tag>
<tag>Getter</tag>
<tag>PageContent</tag>
<doc>Returns text attribute of the element found by ``selector``.</doc>
<status status="PASS" start="2026-03-26T16:10:53.661122" elapsed="0.018615"/>
</kw>
<kw name="Replace String" owner="String">
<msg time="2026-03-26T16:10:53.680970" level="INFO">${price} = THB 455.00</msg>
<var>${price}</var>
<arg>${price_text}</arg>
<arg>\xa0</arg>
<arg>${SPACE}</arg>
<doc>Replaces ``search_for`` in the given ``string`` with ``replace_with``.</doc>
<status status="PASS" start="2026-03-26T16:10:53.680007" elapsed="0.001065"/>
</kw>
<kw name="Fetch From Right" owner="String">
<msg time="2026-03-26T16:10:53.682364" level="INFO">${price_convert} = 455.00</msg>
<var>${price_convert}</var>
<arg>${price}</arg>
<arg>${SPACE}</arg>
<doc>Returns contents of the ``string`` after the last occurrence of ``marker``.</doc>
<status status="PASS" start="2026-03-26T16:10:53.681303" elapsed="0.001162"/>
</kw>
<kw name="Should Be True" owner="BuiltIn">
<arg>${price_convert} == 455.00</arg>
<doc>Fails if the given condition is not true.</doc>
<status status="PASS" start="2026-03-26T16:10:53.682736" elapsed="0.000554"/>
</kw>
<status status="PASS" start="2026-03-26T16:10:53.660677" elapsed="0.022680"/>
</kw>
<msg time="2026-03-26T16:10:53.705547" level="INFO">Switching context to context=356e66fe-2f74-4705-b4ac-24b000703377 in CURRENT</msg>
<msg time="2026-03-26T16:10:53.717499" level="INFO">Successfully changed active context: context=356e66fe-2f74-4705-b4ac-24b000703377</msg>
<msg time="2026-03-26T16:10:53.778585" level="INFO">Successfully closed Context</msg>
<status status="PASS" start="2026-03-26T16:10:49.521137" elapsed="4.162525"/>
</test>
<status status="PASS" start="2026-03-26T16:10:49.268911" elapsed="4.510801"/>
</suite>
<statistics>
<total>
<stat pass="1" fail="0" skip="0">All Tests</stat>
</total>
<tag>
</tag>
<suite>
<stat name="TC 001" id="s1" pass="1" fail="0" skip="0">TC 001</stat>
</suite>
</statistics>
<errors>
</errors>
</robot>
